<?xml version="1.0" encoding="UTF-8" ?>
<testsuite errors="0" failures="0" hostname="bats" name="pl.edu.agh.ftj.datamining.weka.webservice.test.WekaServiceTest" tests="2" time="1.009" timestamp="2011-05-15T14:19:45">
  <properties>
    <property name="libs.jsp-compiler.javadoc" value="" />
    <property name="netbeans.autoupdate.country" value="PL" />
    <property name="javac.test.classpath" value="C:\Program Files (x86)\NetBeans 6.9.1\enterprise\modules\ext\rest\jsr311-api-1.1.1.jar:C:\Program Files (x86)\NetBeans 6.9.1\enterprise\modules\ext\rest\asm-3.1.jar;C:\Program Files (x86)\NetBeans 6.9.1\enterprise\modules\ext\rest\jackson-core-asl-1.1.1.jar;C:\Program Files (x86)\NetBeans 6.9.1\enterprise\modules\ext\rest\jersey-client-1.1.5.1.jar;C:\Program Files (x86)\NetBeans 6.9.1\enterprise\modules\ext\rest\jersey-core-1.1.5.1.jar;C:\Program Files (x86)\NetBeans 6.9.1\enterprise\modules\ext\rest\jersey-json-1.1.5.1.jar;C:\Program Files (x86)\NetBeans 6.9.1\enterprise\modules\ext\rest\jersey-server-1.1.5.1.jar;C:\Program Files (x86)\NetBeans 6.9.1\enterprise\modules\ext\rest\jersey-spring-1.1.5.1.jar;C:\Program Files (x86)\NetBeans 6.9.1\enterprise\modules\ext\rest\jettison-1.1.jar;C:\Program Files (x86)\NetBeans 6.9.1\enterprise\modules\ext\rest\oauth-client-1.1.5.1.jar;C:\Program Files (x86)\NetBeans 6.9.1\enterprise\modules\ext\rest\oauth-signature-1.1.5.1.jar;C:\Program Files (x86)\NetBeans 6.9.1\ide\modules\ext\jaxb\activation.jar;C:\Program Files (x86)\NetBeans 6.9.1\ide\modules\ext\jaxb\api\jaxb-api.jar;C:\Program Files (x86)\NetBeans 6.9.1\ide\modules\ext\jaxb\api\jsr173_api.jar:C:\Program Files (x86)\Weka-3-6\weka.jar:build/web/WEB-INF/classes:C:\Program Files (x86)\NetBeans 6.9.1\platform\modules\ext\junit-4.5.jar" />
    <property name="libs.jsf20.maven-pom" value="" />
    <property name="source.root" value="src" />
    <property name="do.display.browser" value="true" />
    <property name="libs.junit.javadoc" value="C:\Program Files (x86)\NetBeans 6.9.1\java\docs\junit-3.8.2-api.zip" />
    <property name="ant.core.lib" value="C:\Program Files (x86)\NetBeans 6.9.1\java\ant\lib\ant.jar" />
    <property name="libs.swing-app-framework.src" value="" />
    <property name="javadoc.windowtitle" value="" />
    <property name="libs.toplink.classpath" value="C:\Program Files (x86)\NetBeans 6.9.1\java\modules\ext\toplink\toplink-essentials.jar;C:\Program Files (x86)\NetBeans 6.9.1\java\modules\ext\toplink\toplink-essentials-agent.jar" />
    <property name="libs.jsp-compilation.javadoc" value="" />
    <property name="user.dir" value="E:\ABC\studia\progr_zesp\DataMining\WekaRESTService\WekaRESTService" />
    <property name="libs.hibernate-persistence.javadoc" value="" />
    <property name="java.vm.version" value="19.0-b09" />
    <property name="libs.jstl11.maven-pom" value="" />
    <property name="libs.JAX-WS-ENDORSED.classpath" value="C:\Program Files (x86)\NetBeans 6.9.1\java\modules\ext\jaxws22\api\jaxws-api.jar;C:\Program Files (x86)\NetBeans 6.9.1\ide\modules\ext\jaxb\api\jaxb-api.jar" />
    <property name="libs.Java-EE-GlassFish-v3.wsimport" value="" />
    <property name="libs.MySQLDriver.classpath" value="C:\Program Files (x86)\NetBeans 6.9.1\ide\modules\ext\mysql-connector-java-5.1.6-bin.jar" />
    <property name="libs.jstl11.src" value="" />
    <property name="javadoc.notree" value="false" />
    <property name="lib.dir" value="web/WEB-INF/lib" />
    <property name="netbeans.autoupdate.version" value="1.23" />
    <property name="libs.EclipseLink-GlassFish-v3.classpath" value="C:\Program Files (x86)\glassfish-3.0.1\glassfish\modules\org.eclipse.persistence.antlr.jar;C:\Program Files (x86)\glassfish-3.0.1\glassfish\modules\org.eclipse.persistence.asm.jar;C:\Program Files (x86)\glassfish-3.0.1\glassfish\modules\org.eclipse.persistence.core.jar;C:\Program Files (x86)\glassfish-3.0.1\glassfish\modules\org.eclipse.persistence.jpa.jar;C:\Program Files (x86)\glassfish-3.0.1\glassfish\modules\org.eclipse.persistence.jpa.modelgen.jar;C:\Program Files (x86)\glassfish-3.0.1\glassfish\modules\org.eclipse.persistence.oracle.jar;C:\Program Files (x86)\glassfish-3.0.1\glassfish\modules\javax.persistence.jar" />
    <property name="libs.javaee-web-api-6.0.classpath" value="C:\Program Files (x86)\NetBeans 6.9.1\enterprise\modules\ext\javaee-web-api-6.0.jar" />
    <property name="libs.hibernate-support.maven-pom" value="" />
    <property name="libs.hibernate-support.javadoc" value="" />
    <property name="jdk.home" value="C:\Program Files (x86)\Java\jdk1.6.0_23" />
    <property name="libs.javac-api.src" value="" />
    <property name="javadoc.noindex" value="false" />
    <property name="sun.os.patch.level" value="" />
    <property name="do.tmp.war.package" value="true" />
    <property name="java.vm.specification.name" value="Java Virtual Machine Specification" />
    <property name="nb.show.statistics.ui" value="usageStatisticsEnabled" />
    <property name="netbeans.autoupdate.variant" value="" />
    <property name="have.tests" value="true" />
    <property name="org.xml.sax.driver" value="com.sun.org.apache.xerces.internal.jaxp.SAXParserImpl$JAXPSAXParser" />
    <property name="ant.file.type.WekaRESTService" value="file" />
    <property name="j2ee.server.instance" value="[C:\Program Files (x86)\glassfish-3.0.1\glassfish]deployer:gfv3ee6:localhost:4848" />
    <property name="libs.javac-api.javadoc" value="" />
    <property name="os.name" value="Windows 7" />
    <property name="libs.beans-binding.classpath" value="C:\Program Files (x86)\NetBeans 6.9.1\java\modules\ext\beansbinding-1.2.1.jar" />
    <property name="libs.restapi.javadoc" value="C:\Program Files (x86)\NetBeans 6.9.1\enterprise\docs\jsr311-api-1.1.1-javadoc.zip" />
    <property name="libs.JWSAntTasks.maven-pom" value="" />
    <property name="libs.axis2.javadoc" value="" />
    <property name="libs.spring-webmvc3.0.src" value="" />
    <property name="libs.restapi.classpath" value="C:\Program Files (x86)\NetBeans 6.9.1\enterprise\modules\ext\rest\jsr311-api-1.1.1.jar" />
    <property name="runmain.jvmargs" value="" />
    <property name="debug.server" value="false" />
    <property name="java.vendor.url.bug" value="http://java.sun.com/cgi-bin/bugreport.cgi" />
    <property name="libs.jaxb.maven-pom" value="" />
    <property name="os.arch" value="x86" />
    <property name="libs.eclipselink.src" value="" />
    <property name="user.name" value="bat" />
    <property name="libs.jsf12.javadoc" value="C:\Program Files (x86)\NetBeans 6.9.1\enterprise\docs\javaee6-doc-api.zip" />
    <property name="libs.Comet-GlassFish-v3.javadoc" value="" />
    <property name="libs.spring-webmvc3.0.maven-pom" value="" />
    <property name="libs.swing-layout.maven-pom" value="" />
    <property name="build.classes.dir" value="build/web/WEB-INF/classes" />
    <property name="netbeans.accept_license_class" value="org.netbeans.license.AcceptLicense" />
    <property name="libs.Java-EE-GlassFish-v3.wsjwsdp" value="" />
    <property name="libs.jaxws21.javadoc" value="C:\Program Files (x86)\NetBeans 6.9.1\java\docs\jaxws-api-doc.zip" />
    <property name="build.web.excludes" value="**/*.java,**/*.form" />
    <property name="ant.file.type.WekaRESTService-impl" value="file" />
    <property name="includes" value="**" />
    <property name="libs.axis2.maven-pom" value="" />
    <property name="j2ee.platform.wsimport.classpath" value="C:\Program Files (x86)\glassfish-3.0.1\glassfish\modules\webservices-osgi.jar:C:\Program Files (x86)\glassfish-3.0.1\glassfish\modules\endorsed\webservices-api-osgi.jar:C:\Program Files (x86)\glassfish-3.0.1\glassfish\modules\jaxb-osgi.jar:C:\Program Files (x86)\glassfish-3.0.1\glassfish\modules\endorsed\jaxb-api-osgi.jar:C:\Program Files (x86)\glassfish-3.0.1\glassfish\modules\javax.ejb.jar" />
    <property name="user.country" value="PL" />
    <property name="libs.jstl11.javadoc" value="C:\Program Files (x86)\NetBeans 6.9.1\enterprise\docs\javaee6-doc-api.zip" />
    <property name="javadoc.encoding" value="UTF-8" />
    <property name="javac.classpath" value="C:\Program Files (x86)\NetBeans 6.9.1\enterprise\modules\ext\rest\jsr311-api-1.1.1.jar:C:\Program Files (x86)\NetBeans 6.9.1\enterprise\modules\ext\rest\asm-3.1.jar;C:\Program Files (x86)\NetBeans 6.9.1\enterprise\modules\ext\rest\jackson-core-asl-1.1.1.jar;C:\Program Files (x86)\NetBeans 6.9.1\enterprise\modules\ext\rest\jersey-client-1.1.5.1.jar;C:\Program Files (x86)\NetBeans 6.9.1\enterprise\modules\ext\rest\jersey-core-1.1.5.1.jar;C:\Program Files (x86)\NetBeans 6.9.1\enterprise\modules\ext\rest\jersey-json-1.1.5.1.jar;C:\Program Files (x86)\NetBeans 6.9.1\enterprise\modules\ext\rest\jersey-server-1.1.5.1.jar;C:\Program Files (x86)\NetBeans 6.9.1\enterprise\modules\ext\rest\jersey-spring-1.1.5.1.jar;C:\Program Files (x86)\NetBeans 6.9.1\enterprise\modules\ext\rest\jettison-1.1.jar;C:\Program Files (x86)\NetBeans 6.9.1\enterprise\modules\ext\rest\oauth-client-1.1.5.1.jar;C:\Program Files (x86)\NetBeans 6.9.1\enterprise\modules\ext\rest\oauth-signature-1.1.5.1.jar;C:\Program Files (x86)\NetBeans 6.9.1\ide\modules\ext\jaxb\activation.jar;C:\Program Files (x86)\NetBeans 6.9.1\ide\modules\ext\jaxb\api\jaxb-api.jar;C:\Program Files (x86)\NetBeans 6.9.1\ide\modules\ext\jaxb\api\jsr173_api.jar:C:\Program Files (x86)\Weka-3-6\weka.jar" />
    <property name="do.debug.server" value="true" />
    <property name="debug-transport" value="dt_shmem" />
    <property name="netbeans.home" value="C:\Program Files (x86)\NetBeans 6.9.1\platform" />
    <property name="build.compiler.emacs" value="true" />
    <property name="libs.javaee-web-api-6.0.src" value="" />
    <property name="libs.ejb3-persistence.src" value="" />
    <property name="libs.Java-EE-GlassFish-v3.javadoc" value="C:\Program Files (x86)\NetBeans 6.9.1\enterprise\docs\javaee6-doc-api.zip" />
    <property name="java.endorsed.dirs" value="C:\Program Files (x86)\Java\jdk1.6.0_23\jre\lib\endorsed" />
    <property name="libs.axis2.src" value="" />
    <property name="libs.Comet-GlassFish-v3.maven-pom" value="" />
    <property name="netbeans.dynamic.classpath" value="C:\Program Files (x86)\NetBeans 6.9.1\platform\core\core.jar;C:\Program Files (x86)\NetBeans 6.9.1\platform\core\org-openide-filesystems.jar;C:\Program Files (x86)\NetBeans 6.9.1\platform\core\locale\core_ja.jar;C:\Program Files (x86)\NetBeans 6.9.1\platform\core\locale\core_pt_BR.jar;C:\Program Files (x86)\NetBeans 6.9.1\platform\core\locale\core_zh_CN.jar;C:\Program Files (x86)\NetBeans 6.9.1\platform\core\locale\org-openide-filesystems_ja.jar;C:\Program Files (x86)\NetBeans 6.9.1\platform\core\locale\org-openide-filesystems_pt_BR.jar;C:\Program Files (x86)\NetBeans 6.9.1\platform\core\locale\org-openide-filesystems_zh_CN.jar;C:\Program Files (x86)\NetBeans 6.9.1\nb\core\org-netbeans-upgrader.jar;C:\Program Files (x86)\NetBeans 6.9.1\nb\core\locale\core_nb.jar;C:\Program Files (x86)\NetBeans 6.9.1\nb\core\locale\core_nb_ja.jar;C:\Program Files (x86)\NetBeans 6.9.1\nb\core\locale\core_nb_pt_BR.jar;C:\Program Files (x86)\NetBeans 6.9.1\nb\core\locale\core_nb_zh_CN.jar;C:\Program Files (x86)\NetBeans 6.9.1\nb\core\locale\org-netbeans-upgrader_ja.jar;C:\Program Files (x86)\NetBeans 6.9.1\nb\core\locale\org-netbeans-upgrader_pt_BR.jar;C:\Program Files (x86)\NetBeans 6.9.1\nb\core\locale\org-netbeans-upgrader_zh_CN.jar" />
    <property name="java.vm.specification.version" value="1.0" />
    <property name="jspcompilation.classpath" value="${jspc.classpath}:C:\Program Files (x86)\NetBeans 6.9.1\enterprise\modules\ext\rest\jsr311-api-1.1.1.jar:C:\Program Files (x86)\NetBeans 6.9.1\enterprise\modules\ext\rest\asm-3.1.jar;C:\Program Files (x86)\NetBeans 6.9.1\enterprise\modules\ext\rest\jackson-core-asl-1.1.1.jar;C:\Program Files (x86)\NetBeans 6.9.1\enterprise\modules\ext\rest\jersey-client-1.1.5.1.jar;C:\Program Files (x86)\NetBeans 6.9.1\enterprise\modules\ext\rest\jersey-core-1.1.5.1.jar;C:\Program Files (x86)\NetBeans 6.9.1\enterprise\modules\ext\rest\jersey-json-1.1.5.1.jar;C:\Program Files (x86)\NetBeans 6.9.1\enterprise\modules\ext\rest\jersey-server-1.1.5.1.jar;C:\Program Files (x86)\NetBeans 6.9.1\enterprise\modules\ext\rest\jersey-spring-1.1.5.1.jar;C:\Program Files (x86)\NetBeans 6.9.1\enterprise\modules\ext\rest\jettison-1.1.jar;C:\Program Files (x86)\NetBeans 6.9.1\enterprise\modules\ext\rest\oauth-client-1.1.5.1.jar;C:\Program Files (x86)\NetBeans 6.9.1\enterprise\modules\ext\rest\oauth-signature-1.1.5.1.jar;C:\Program Files (x86)\NetBeans 6.9.1\ide\modules\ext\jaxb\activation.jar;C:\Program Files (x86)\NetBeans 6.9.1\ide\modules\ext\jaxb\api\jaxb-api.jar;C:\Program Files (x86)\NetBeans 6.9.1\ide\modules\ext\jaxb\api\jsr173_api.jar:C:\Program Files (x86)\Weka-3-6\weka.jar" />
    <property name="libs.javaee-api-6.0.classpath" value="C:\Program Files (x86)\NetBeans 6.9.1\enterprise\modules\ext\javaee-api-6.0.jar" />
    <property name="libs.hibernate-persistence.classpath" value="C:\Program Files (x86)\NetBeans 6.9.1\java\modules\ext\hibernate\antlr-2.7.6.jar;C:\Program Files (x86)\NetBeans 6.9.1\java\modules\ext\hibernate\asm.jar;C:\Program Files (x86)\NetBeans 6.9.1\java\modules\ext\hibernate\asm-attrs.jar;C:\Program Files (x86)\NetBeans 6.9.1\java\modules\ext\hibernate\cglib-2.1.3.jar;C:\Program Files (x86)\NetBeans 6.9.1\java\modules\ext\hibernate\commons-collections-2.1.1.jar;C:\Program Files (x86)\NetBeans 6.9.1\ide\modules\ext\commons-logging-1.1.jar;C:\Program Files (x86)\NetBeans 6.9.1\java\modules\ext\hibernate\dom4j-1.6.1.jar;C:\Program Files (x86)\NetBeans 6.9.1\java\modules\ext\hibernate\ehcache-1.2.3.jar;C:\Program Files (x86)\NetBeans 6.9.1\java\modules\ext\hibernate\jdbc2_0-stdext.jar;C:\Program Files (x86)\NetBeans 6.9.1\java\modules\ext\hibernate\jta.jar;C:\Program Files (x86)\NetBeans 6.9.1\java\modules\ext\hibernate\hibernate3.jar;C:\Program Files (x86)\NetBeans 6.9.1\java\modules\ext\hibernate\hibernate-tools.jar;C:\Program Files (x86)\NetBeans 6.9.1\java\modules\ext\hibernate\hibernate-annotations.jar;C:\Program Files (x86)\NetBeans 6.9.1\java\modules\ext\hibernate\hibernate-commons-annotations.jar;C:\Program Files (x86)\NetBeans 6.9.1\java\modules\ext\hibernate\hibernate-entitymanager.jar;C:\Program Files (x86)\NetBeans 6.9.1\java\modules\ext\hibernate\javassist.jar;C:\Program Files (x86)\NetBeans 6.9.1\java\modules\ext\hibernate\ejb3-persistence.jar" />
    <property name="libs.jaxws21.src" value="" />
    <property name="do.war.package.with.custom.manifest" value="true" />
    <property name="libs.swing-app-framework.classpath" value="C:\Program Files (x86)\NetBeans 6.9.1\java\modules\ext\appframework-1.0.3.jar;C:\Program Files (x86)\NetBeans 6.9.1\java\modules\ext\swing-worker-1.1.jar" />
    <property name="netbeans.autoupdate.language" value="pl" />
    <property name="java.vendor" value="Sun Microsystems Inc." />
    <property name="libs.javaee-api-6.0.javadoc" value="C:\Program Files (x86)\NetBeans 6.9.1\enterprise\docs\javaee6-doc-api.zip" />
    <property name="javac.debug" value="true" />
    <property name="javadoc.splitindex" value="true" />
    <property name="file.separator" value="\" />
    <property name="libs.IdentityAntTasks.src" value="" />
    <property name="libs.restlib_gfv3ee6.classpath" value="C:\Program Files (x86)\glassfish-3.0.1\glassfish\modules\asm-all-repackaged.jar;C:\Program Files (x86)\glassfish-3.0.1\glassfish\modules\jackson-core-asl.jar;C:\Program Files (x86)\glassfish-3.0.1\glassfish\modules\jersey-gf-bundle.jar;C:\Program Files (x86)\glassfish-3.0.1\glassfish\modules\jersey-multipart.jar;C:\Program Files (x86)\glassfish-3.0.1\glassfish\modules\jettison.jar;C:\Program Files (x86)\glassfish-3.0.1\glassfish\modules\jsr311-api.jar" />
    <property name="libs.junit_4.maven-pom" value="" />
    <property name="resource.dir" value="setup" />
    <property name="javac.test.processorpath" value="C:\Program Files (x86)\NetBeans 6.9.1\enterprise\modules\ext\rest\jsr311-api-1.1.1.jar:C:\Program Files (x86)\NetBeans 6.9.1\enterprise\modules\ext\rest\asm-3.1.jar;C:\Program Files (x86)\NetBeans 6.9.1\enterprise\modules\ext\rest\jackson-core-asl-1.1.1.jar;C:\Program Files (x86)\NetBeans 6.9.1\enterprise\modules\ext\rest\jersey-client-1.1.5.1.jar;C:\Program Files (x86)\NetBeans 6.9.1\enterprise\modules\ext\rest\jersey-core-1.1.5.1.jar;C:\Program Files (x86)\NetBeans 6.9.1\enterprise\modules\ext\rest\jersey-json-1.1.5.1.jar;C:\Program Files (x86)\NetBeans 6.9.1\enterprise\modules\ext\rest\jersey-server-1.1.5.1.jar;C:\Program Files (x86)\NetBeans 6.9.1\enterprise\modules\ext\rest\jersey-spring-1.1.5.1.jar;C:\Program Files (x86)\NetBeans 6.9.1\enterprise\modules\ext\rest\jettison-1.1.jar;C:\Program Files (x86)\NetBeans 6.9.1\enterprise\modules\ext\rest\oauth-client-1.1.5.1.jar;C:\Program Files (x86)\NetBeans 6.9.1\enterprise\modules\ext\rest\oauth-signature-1.1.5.1.jar;C:\Program Files (x86)\NetBeans 6.9.1\ide\modules\ext\jaxb\activation.jar;C:\Program Files (x86)\NetBeans 6.9.1\ide\modules\ext\jaxb\api\jaxb-api.jar;C:\Program Files (x86)\NetBeans 6.9.1\ide\modules\ext\jaxb\api\jsr173_api.jar:C:\Program Files (x86)\Weka-3-6\weka.jar:build/web/WEB-INF/classes:C:\Program Files (x86)\NetBeans 6.9.1\platform\modules\ext\junit-4.5.jar" />
    <property name="netbeans.buildnumber" value="201007282301" />
    <property name="libs.JWSAntTasks.javadoc" value="" />
    <property name="build.generated.sources.dir" value="build/generated-sources" />
    <property name="user.variant" value="" />
    <property name="libs.Java-EE-GlassFish-v3.wscompile" value="" />
    <property name="sun.java.launcher" value="SUN_STANDARD" />
    <property name="libs.junit.classpath" value="C:\Program Files (x86)\NetBeans 6.9.1\java\modules\ext\junit-3.8.2.jar" />
    <property name="libs.jaxb.javadoc" value="C:\Program Files (x86)\NetBeans 6.9.1\ide\docs\jaxb-api-doc.zip" />
    <property name="libs.struts.classpath" value="C:\Program Files (x86)\NetBeans 6.9.1\enterprise\modules\ext\struts\antlr-2.7.2.jar;C:\Program Files (x86)\NetBeans 6.9.1\enterprise\modules\ext\struts\bsf-2.3.0.jar;C:\Program Files (x86)\NetBeans 6.9.1\enterprise\modules\ext\struts\commons-beanutils-1.7.0.jar;C:\Program Files (x86)\NetBeans 6.9.1\enterprise\modules\ext\struts\commons-chain-1.1.jar;C:\Program Files (x86)\NetBeans 6.9.1\enterprise\modules\ext\struts\commons-digester-1.8.jar;C:\Program Files (x86)\NetBeans 6.9.1\enterprise\modules\ext\struts\commons-fileupload-1.1.1.jar;C:\Program Files (x86)\NetBeans 6.9.1\enterprise\modules\ext\struts\commons-io-1.1.jar;C:\Program Files (x86)\NetBeans 6.9.1\enterprise\modules\ext\struts\commons-logging-1.0.4.jar;C:\Program Files (x86)\NetBeans 6.9.1\enterprise\modules\ext\struts\commons-validator-1.3.1.jar;C:\Program Files (x86)\NetBeans 6.9.1\enterprise\modules\ext\struts\jstl-1.0.2.jar;C:\Program Files (x86)\NetBeans 6.9.1\enterprise\modules\ext\struts\oro-2.0.8.jar;C:\Program Files (x86)\NetBeans 6.9.1\enterprise\modules\ext\struts\standard-1.0.2.jar;C:\Program Files (x86)\NetBeans 6.9.1\enterprise\modules\ext\struts\struts-core-1.3.8.jar;C:\Program Files (x86)\NetBeans 6.9.1\enterprise\modules\ext\struts\struts-el-1.3.8.jar;C:\Program Files (x86)\NetBeans 6.9.1\enterprise\modules\ext\struts\struts-extras-1.3.8.jar;C:\Program Files (x86)\NetBeans 6.9.1\enterprise\modules\ext\struts\struts-faces-1.3.8.jar;C:\Program Files (x86)\NetBeans 6.9.1\enterprise\modules\ext\struts\struts-mailreader-dao-1.3.8.jar;C:\Program Files (x86)\NetBeans 6.9.1\enterprise\modules\ext\struts\struts-scripting-1.3.8.jar;C:\Program Files (x86)\NetBeans 6.9.1\enterprise\modules\ext\struts\struts-taglib-1.3.8.jar;C:\Program Files (x86)\NetBeans 6.9.1\enterprise\modules\ext\struts\struts-tiles-1.3.8.jar" />
    <property name="application.args.param" value="" />
    <property name="ant.home" value="C:\Program Files (x86)\NetBeans 6.9.1\java\ant" />
    <property name="libs.junit_4.src" value="C:\Program Files (x86)\NetBeans 6.9.1\java\docs\junit-4.5-src.jar" />
    <property name="conf.dir" value="src/conf" />
    <property name="webinf.dir" value="web/WEB-INF" />
    <property name="libs.absolutelayout.maven-pom" value="" />
    <property name="ant.java.version" value="1.6" />
    <property name="java.library.path" value="C:\Program Files (x86)\Java\jdk1.6.0_23\jre\bin;.;C:\Windows\Sun\Java\bin;C:\Windows\system32;C:\Windows;C:\Program Files (x86)\Java\jdk1.6.0_23\bin;C:\Program Files (x86)\JavaFX\javafx-sdk1.3\bin;C:\Program Files (x86)\JavaFX\javafx-sdk1.3\emulator\bin;C:\Windows\system32;C:\Windows;C:\Windows\System32\Wbem;C:\Windows\System32\WindowsPowerShell\v1.0\;C:\Program Files\WIDCOMM\Bluetooth Software\;C:\Program Files\WIDCOMM\Bluetooth Software\syswow64;C:\Program Files\Intel\WiFi\bin\;C:\Program Files\Common Files\Intel\WirelessCommon\;C:\Program Files (x86)\QuickTime\QTSystem\;C:\Program Files\apache-maven-3.0.3\bin;C:\Program Files\apache-ant-1.8.2\bin" />
    <property name="javadoc.author" value="false" />
    <property name="libs.metro.maven-pom" value="" />
    <property name="libs.IdentityAntTasks.classpath" value="C:\Program Files (x86)\NetBeans 6.9.1\identity\ant\nblib\org-netbeans-modules-identity-ant.jar;C:\Program Files (x86)\NetBeans 6.9.1\identity\modules\org-netbeans-modules-identity-profile-api.jar" />
    <property name="libs.EclipseLink-GlassFish-v3.src" value="" />
    <property name="java.util.logging.config.class" value="org.netbeans.core.startup.TopLogging" />
    <property name="libs.PostgreSQLDriver.src" value="" />
    <property name="sun.arch.data.model" value="32" />
    <property name="basedir" value="E:\ABC\studia\progr_zesp\DataMining\WekaRESTService\WekaRESTService" />
    <property name="jar.compress" value="false" />
    <property name="libs.jstl11.classpath" value="C:\Program Files (x86)\NetBeans 6.9.1\enterprise\modules\ext\standard.jar;C:\Program Files (x86)\NetBeans 6.9.1\enterprise\modules\ext\jstl.jar" />
    <property name="war.package" value="false" />
    <property name="path.separator" value=";" />
    <property name="dist.war" value="dist/WekaRESTService.war" />
    <property name="libs.javaee-web-api-6.0.javadoc" value="C:\Program Files (x86)\NetBeans 6.9.1\enterprise\docs\javaee6-doc-api.zip" />
    <property name="sun.io.unicode.encoding" value="UnicodeLittle" />
    <property name="libs.jaxws21.classpath" value="C:\Program Files (x86)\NetBeans 6.9.1\ide\modules\ext\jaxb\jaxb-impl.jar;C:\Program Files (x86)\NetBeans 6.9.1\ide\modules\ext\jaxb\jaxb-xjc.jar;C:\Program Files (x86)\NetBeans 6.9.1\java\modules\ext\jaxws22\FastInfoset.jar;C:\Program Files (x86)\NetBeans 6.9.1\java\modules\ext\jaxws22\gmbal-api-only.jar;C:\Program Files (x86)\NetBeans 6.9.1\java\modules\ext\jaxws22\http.jar;C:\Program Files (x86)\NetBeans 6.9.1\java\modules\ext\jaxws22\jaxws-rt.jar;C:\Program Files (x86)\NetBeans 6.9.1\java\modules\ext\jaxws22\jaxws-tools.jar;C:\Program Files (x86)\NetBeans 6.9.1\java\modules\ext\jaxws22\management-api.jar;C:\Program Files (x86)\NetBeans 6.9.1\java\modules\ext\jaxws22\mimepull.jar;C:\Program Files (x86)\NetBeans 6.9.1\java\modules\ext\jaxws22\policy.jar;C:\Program Files (x86)\NetBeans 6.9.1\java\modules\ext\jaxws22\saaj-impl.jar;C:\Program Files (x86)\NetBeans 6.9.1\java\modules\ext\jaxws22\stax-ex.jar;C:\Program Files (x86)\NetBeans 6.9.1\java\modules\ext\jaxws22\streambuffer.jar;C:\Program Files (x86)\NetBeans 6.9.1\java\modules\ext\jaxws22\woodstox.jar;C:\Program Files (x86)\NetBeans 6.9.1\java\modules\ext\jaxws22\api\jaxws-api.jar;C:\Program Files (x86)\NetBeans 6.9.1\java\modules\ext\jaxws22\api\jsr181-api.jar;C:\Program Files (x86)\NetBeans 6.9.1\java\modules\ext\jaxws22\api\jsr250-api.jar;C:\Program Files (x86)\NetBeans 6.9.1\java\modules\ext\jaxws22\api\saaj-api.jar;C:\Program Files (x86)\NetBeans 6.9.1\ide\modules\ext\jaxb\activation.jar;C:\Program Files (x86)\NetBeans 6.9.1\ide\modules\ext\jaxb\api\jaxb-api.jar;C:\Program Files (x86)\NetBeans 6.9.1\ide\modules\ext\jaxb\api\jsr173_api.jar" />
    <property name="libs.struts.src" value="" />
    <property name="apple.awt.graphics.UseQuartz" value="true" />
    <property name="user.language" value="pl" />
    <property name="j2ee.platform.classpath" value="C:\Program Files (x86)\glassfish-3.0.1\glassfish\modules\endorsed\webservices-api-osgi.jar:C:\Program Files (x86)\glassfish-3.0.1\glassfish\modules\javax.servlet.jar:C:\Program Files (x86)\glassfish-3.0.1\glassfish\modules\javax.security.jacc.jar:C:\Program Files (x86)\glassfish-3.0.1\glassfish\modules\javax.ejb.jar:C:\Program Files (x86)\glassfish-3.0.1\glassfish\modules\javax.persistence.jar:C:\Program Files (x86)\glassfish-3.0.1\glassfish\modules\javax.transaction.jar:C:\Program Files (x86)\glassfish-3.0.1\glassfish\modules\endorsed\javax.annotation.jar:C:\Program Files (x86)\glassfish-3.0.1\glassfish\modules\jsf-impl.jar:C:\Program Files (x86)\glassfish-3.0.1\glassfish\modules\javax.jms.jar:C:\Program Files (x86)\glassfish-3.0.1\glassfish\modules\jsf-api.jar:C:\Program Files (x86)\glassfish-3.0.1\glassfish\modules\javax.resource.jar:C:\Program Files (x86)\glassfish-3.0.1\glassfish\modules\jsr311-api.jar:C:\Program Files (x86)\glassfish-3.0.1\glassfish\modules\javax.servlet.jsp.jar:C:\Program Files (x86)\glassfish-3.0.1\glassfish\modules\javax.enterprise.deploy.jar:C:\Program Files (x86)\glassfish-3.0.1\glassfish\modules\mail.jar:C:\Program Files (x86)\glassfish-3.0.1\glassfish\modules\javax.management.j2ee.jar:C:\Program Files (x86)\glassfish-3.0.1\glassfish\modules\bean-validator.jar:C:\Program Files (x86)\glassfish-3.0.1\glassfish\modules\endorsed\jaxb-api-osgi.jar:C:\Program Files (x86)\glassfish-3.0.1\glassfish\modules\javax.security.auth.message.jar:C:\Program Files (x86)\glassfish-3.0.1\glassfish\modules\javax.servlet.jsp.jstl.jar:C:\Program Files (x86)\glassfish-3.0.1\glassfish\modules\jstl-impl.jar:C:\Program Files (x86)\glassfish-3.0.1\glassfish\modules\weld-osgi-bundle.jar" />
    <property name="libs.spring-framework.classpath" value="C:\Program Files (x86)\NetBeans 6.9.1\ide\modules\ext\commons-logging-1.1.jar;C:\Program Files (x86)\NetBeans 6.9.1\java\modules\ext\cglib-2.2.jar;C:\Program Files (x86)\NetBeans 6.9.1\java\modules\ext\spring\spring-2.5.6.SEC01.jar" />
    <property name="libs.eclipselink.maven-pom" value="" />
    <property name="build.meta.inf.dir" value="build/web/META-INF" />
    <property name="persistence.xml.dir" value="src/conf" />
    <property name="libs.spring-framework300.maven-pom" value="" />
    <property name="run.test.classpath" value="C:\Program Files (x86)\NetBeans 6.9.1\enterprise\modules\ext\rest\jsr311-api-1.1.1.jar:C:\Program Files (x86)\NetBeans 6.9.1\enterprise\modules\ext\rest\asm-3.1.jar;C:\Program Files (x86)\NetBeans 6.9.1\enterprise\modules\ext\rest\jackson-core-asl-1.1.1.jar;C:\Program Files (x86)\NetBeans 6.9.1\enterprise\modules\ext\rest\jersey-client-1.1.5.1.jar;C:\Program Files (x86)\NetBeans 6.9.1\enterprise\modules\ext\rest\jersey-core-1.1.5.1.jar;C:\Program Files (x86)\NetBeans 6.9.1\enterprise\modules\ext\rest\jersey-json-1.1.5.1.jar;C:\Program Files (x86)\NetBeans 6.9.1\enterprise\modules\ext\rest\jersey-server-1.1.5.1.jar;C:\Program Files (x86)\NetBeans 6.9.1\enterprise\modules\ext\rest\jersey-spring-1.1.5.1.jar;C:\Program Files (x86)\NetBeans 6.9.1\enterprise\modules\ext\rest\jettison-1.1.jar;C:\Program Files (x86)\NetBeans 6.9.1\enterprise\modules\ext\rest\oauth-client-1.1.5.1.jar;C:\Program Files (x86)\NetBeans 6.9.1\enterprise\modules\ext\rest\oauth-signature-1.1.5.1.jar;C:\Program Files (x86)\NetBeans 6.9.1\ide\modules\ext\jaxb\activation.jar;C:\Program Files (x86)\NetBeans 6.9.1\ide\modules\ext\jaxb\api\jaxb-api.jar;C:\Program Files (x86)\NetBeans 6.9.1\ide\modules\ext\jaxb\api\jsr173_api.jar:C:\Program Files (x86)\Weka-3-6\weka.jar:build/web/WEB-INF/classes:C:\Program Files (x86)\NetBeans 6.9.1\platform\modules\ext\junit-4.5.jar:build/test/classes" />
    <property name="ant.project.invoked-targets" value="test" />
    <property name="useJavaUtilZip" value="true" />
    <property name="libs.swing-layout.javadoc" value="C:\Program Files (x86)\NetBeans 6.9.1\platform\docs\swing-layout-1.0.4-doc.zip" />
    <property name="libs.swing-app-framework.javadoc" value="C:\Program Files (x86)\NetBeans 6.9.1\java\docs\appframework-1.0.3-doc.zip" />
    <property name="libs.ejb3-persistence.maven-pom" value="" />
    <property name="file.reference.weka.jar" value="C:\Program Files (x86)\Weka-3-6\weka.jar" />
    <property name="https.nonProxyHosts" value="localhost|127.0.0.1|bats" />
    <property name="libs.PostgreSQLDriver.maven-pom" value="" />
    <property name="java.class.version" value="50.0" />
    <property name="libs.javaee-endorsed-api-6.0.src" value="" />
    <property name="netbeans.system_http_proxy" value="DIRECT" />
    <property name="libs.eclipselink.javadoc" value="C:\Program Files (x86)\NetBeans 6.9.1\enterprise\docs\javaee6-doc-api.zip" />
    <property name="libs.jsp-compilation.maven-pom" value="" />
    <property name="user.properties.file" value="C:\Users\bat\.netbeans\6.9\build.properties" />
    <property name="build.web.dir" value="build/web" />
    <property name="libs.spring-framework.src" value="" />
    <property name="libs.javac-api.maven-pom" value="" />
    <property name="file.encoding.pkg" value="sun.io" />
    <property name="sun.cpu.endian" value="little" />
    <property name="libs.JWSAntTasks.classpath" value="C:\Program Files (x86)\NetBeans 6.9.1\java\ant\extra\org-netbeans-modules-javawebstart-anttasks.jar" />
    <property name="libs.spring-framework300.src" value="" />
    <property name="empty.dir" value="E:\ABC\studia\progr_zesp\DataMining\WekaRESTService\WekaRESTService\build\empty" />
    <property name="display.browser" value="true" />
    <property name="version-output" value="java version &quot;1.6" />
    <property name="debug.client" value="false" />
    <property name="javadoc.preview" value="true" />
    <property name="nbplatform.default.harness.dir" value="C:\Program Files (x86)\NetBeans 6.9.1/harness" />
    <property name="java.home" value="C:\Program Files (x86)\Java\jdk1.6.0_23\jre" />
    <property name="libs.jsp-compilation.src" value="" />
    <property name="libs.spring-webmvc.src" value="" />
    <property name="debug.test.classpath" value="C:\Program Files (x86)\NetBeans 6.9.1\enterprise\modules\ext\rest\jsr311-api-1.1.1.jar:C:\Program Files (x86)\NetBeans 6.9.1\enterprise\modules\ext\rest\asm-3.1.jar;C:\Program Files (x86)\NetBeans 6.9.1\enterprise\modules\ext\rest\jackson-core-asl-1.1.1.jar;C:\Program Files (x86)\NetBeans 6.9.1\enterprise\modules\ext\rest\jersey-client-1.1.5.1.jar;C:\Program Files (x86)\NetBeans 6.9.1\enterprise\modules\ext\rest\jersey-core-1.1.5.1.jar;C:\Program Files (x86)\NetBeans 6.9.1\enterprise\modules\ext\rest\jersey-json-1.1.5.1.jar;C:\Program Files (x86)\NetBeans 6.9.1\enterprise\modules\ext\rest\jersey-server-1.1.5.1.jar;C:\Program Files (x86)\NetBeans 6.9.1\enterprise\modules\ext\rest\jersey-spring-1.1.5.1.jar;C:\Program Files (x86)\NetBeans 6.9.1\enterprise\modules\ext\rest\jettison-1.1.jar;C:\Program Files (x86)\NetBeans 6.9.1\enterprise\modules\ext\rest\oauth-client-1.1.5.1.jar;C:\Program Files (x86)\NetBeans 6.9.1\enterprise\modules\ext\rest\oauth-signature-1.1.5.1.jar;C:\Program Files (x86)\NetBeans 6.9.1\ide\modules\ext\jaxb\activation.jar;C:\Program Files (x86)\NetBeans 6.9.1\ide\modules\ext\jaxb\api\jaxb-api.jar;C:\Program Files (x86)\NetBeans 6.9.1\ide\modules\ext\jaxb\api\jsr173_api.jar:C:\Program Files (x86)\Weka-3-6\weka.jar:build/web/WEB-INF/classes:C:\Program Files (x86)\NetBeans 6.9.1\platform\modules\ext\junit-4.5.jar:build/test/classes" />
    <property name="libs.javaee-endorsed-api-6.0.classpath" value="C:\Program Files (x86)\NetBeans 6.9.1\enterprise\modules\ext\javaee6-endorsed\javax.annotation.jar;C:\Program Files (x86)\NetBeans 6.9.1\enterprise\modules\ext\javaee6-endorsed\jaxb-api-osgi.jar;C:\Program Files (x86)\NetBeans 6.9.1\enterprise\modules\ext\javaee6-endorsed\webservices-api-osgi.jar" />
    <property name="libs.javaee-api-6.0.src" value="" />
    <property name="netbeans.importclass" value="org.netbeans.upgrade.AutoUpgrade" />
    <property name="ant.project.default-target" value="default" />
    <property name="annotation.processing.run.all.processors" value="true" />
    <property name="libs.toplink.maven-pom" value="" />
    <property name="libs.PostgreSQLDriver.javadoc" value="" />
    <property name="libs.restlib.classpath" value="C:\Program Files (x86)\NetBeans 6.9.1\enterprise\modules\ext\rest\asm-3.1.jar;C:\Program Files (x86)\NetBeans 6.9.1\enterprise\modules\ext\rest\jackson-core-asl-1.1.1.jar;C:\Program Files (x86)\NetBeans 6.9.1\enterprise\modules\ext\rest\jersey-client-1.1.5.1.jar;C:\Program Files (x86)\NetBeans 6.9.1\enterprise\modules\ext\rest\jersey-core-1.1.5.1.jar;C:\Program Files (x86)\NetBeans 6.9.1\enterprise\modules\ext\rest\jersey-json-1.1.5.1.jar;C:\Program Files (x86)\NetBeans 6.9.1\enterprise\modules\ext\rest\jersey-server-1.1.5.1.jar;C:\Program Files (x86)\NetBeans 6.9.1\enterprise\modules\ext\rest\jersey-spring-1.1.5.1.jar;C:\Program Files (x86)\NetBeans 6.9.1\enterprise\modules\ext\rest\jettison-1.1.jar;C:\Program Files (x86)\NetBeans 6.9.1\enterprise\modules\ext\rest\oauth-client-1.1.5.1.jar;C:\Program Files (x86)\NetBeans 6.9.1\enterprise\modules\ext\rest\oauth-signature-1.1.5.1.jar;C:\Program Files (x86)\NetBeans 6.9.1\ide\modules\ext\jaxb\activation.jar;C:\Program Files (x86)\NetBeans 6.9.1\ide\modules\ext\jaxb\api\jaxb-api.jar;C:\Program Files (x86)\NetBeans 6.9.1\ide\modules\ext\jaxb\api\jsr173_api.jar" />
    <property name="libs.JAX-WS-ENDORSED.maven-pom" value="" />
    <property name="libs.MySQLDriver.maven-pom" value="" />
    <property name="j2ee.platform.wsgen.classpath" value="C:\Program Files (x86)\glassfish-3.0.1\glassfish\modules\webservices-osgi.jar:C:\Program Files (x86)\glassfish-3.0.1\glassfish\modules\endorsed\webservices-api-osgi.jar:C:\Program Files (x86)\glassfish-3.0.1\glassfish\modules\jaxb-osgi.jar:C:\Program Files (x86)\glassfish-3.0.1\glassfish\modules\endorsed\jaxb-api-osgi.jar:C:\Program Files (x86)\glassfish-3.0.1\glassfish\modules\javax.ejb.jar" />
    <property name="libs.JAX-WS-ENDORSED.src" value="" />
    <property name="http.nonProxyHosts" value="localhost|127.0.0.1|bats" />
    <property name="libs.junit_4.javadoc" value="C:\Program Files (x86)\NetBeans 6.9.1\java\docs\junit-4.5-api.zip" />
    <property name="libs.spring-webmvc.javadoc" value="" />
    <property name="libs.toplink.src" value="" />
    <property name="libs.EclipseLink-GlassFish-v3.maven-pom" value="" />
    <property name="libs.javaee-web-api-6.0.maven-pom" value="" />
    <property name="j2ee.deploy.on.save" value="true" />
    <property name="libs.hibernate-support.src" value="" />
    <property name="libs.javaee-endorsed-api-6.0.javadoc" value="C:\Program Files (x86)\NetBeans 6.9.1\enterprise\docs\javaee6-doc-api.zip" />
    <property name="libs.spring-webmvc3.0.javadoc" value="" />
    <property name="annotation.processing.enabled.in.editor" value="true" />
    <property name="ant.file.HelloWorld-rest-build" value="E:\ABC\studia\progr_zesp\DataMining\WekaRESTService\WekaRESTService\nbproject\rest-build.xml" />
    <property name="libs.restapi.src" value="" />
    <property name="sun.management.compiler" value="HotSpot Client Compiler" />
    <property name="javac.deprecation" value="false" />
    <property name="javadoc.use" value="true" />
    <property name="jna.boot.library.path" value="C:\Users\bat\.netbeans\6.9\var\cache\jna" />
    <property name="client.urlPart" value="/resources/helloWorld" />
    <property name="sun.java2d.noddraw" value="true" />
    <property name="libs.jsp-compiler.classpath" value="C:\Program Files (x86)\NetBeans 6.9.1\enterprise\ant\extra\jspcompile.jar" />
    <property name="dist.ear.war" value="dist/WekaRESTService.war" />
    <property name="javac.processorpath" value="C:\Program Files (x86)\NetBeans 6.9.1\enterprise\modules\ext\rest\jsr311-api-1.1.1.jar:C:\Program Files (x86)\NetBeans 6.9.1\enterprise\modules\ext\rest\asm-3.1.jar;C:\Program Files (x86)\NetBeans 6.9.1\enterprise\modules\ext\rest\jackson-core-asl-1.1.1.jar;C:\Program Files (x86)\NetBeans 6.9.1\enterprise\modules\ext\rest\jersey-client-1.1.5.1.jar;C:\Program Files (x86)\NetBeans 6.9.1\enterprise\modules\ext\rest\jersey-core-1.1.5.1.jar;C:\Program Files (x86)\NetBeans 6.9.1\enterprise\modules\ext\rest\jersey-json-1.1.5.1.jar;C:\Program Files (x86)\NetBeans 6.9.1\enterprise\modules\ext\rest\jersey-server-1.1.5.1.jar;C:\Program Files (x86)\NetBeans 6.9.1\enterprise\modules\ext\rest\jersey-spring-1.1.5.1.jar;C:\Program Files (x86)\NetBeans 6.9.1\enterprise\modules\ext\rest\jettison-1.1.jar;C:\Program Files (x86)\NetBeans 6.9.1\enterprise\modules\ext\rest\oauth-client-1.1.5.1.jar;C:\Program Files (x86)\NetBeans 6.9.1\enterprise\modules\ext\rest\oauth-signature-1.1.5.1.jar;C:\Program Files (x86)\NetBeans 6.9.1\ide\modules\ext\jaxb\activation.jar;C:\Program Files (x86)\NetBeans 6.9.1\ide\modules\ext\jaxb\api\jaxb-api.jar;C:\Program Files (x86)\NetBeans 6.9.1\ide\modules\ext\jaxb\api\jsr173_api.jar:C:\Program Files (x86)\Weka-3-6\weka.jar" />
    <property name="maven.mode.standalone" value="true" />
    <property name="libs.spring-webmvc.classpath" value="C:\Program Files (x86)\NetBeans 6.9.1\enterprise\modules\ext\spring\spring-webmvc-2.5.6.SEC01.jar" />
    <property name="javac.compilerargs" value="" />
    <property name="ant.file" value="E:\ABC\studia\progr_zesp\DataMining\WekaRESTService\WekaRESTService\build.xml" />
    <property name="libs.beans-binding.maven-pom" value="" />
    <property name="libs.jsf12.classpath" value="C:\Program Files (x86)\NetBeans 6.9.1\enterprise\modules\ext\jsf-1_2\commons-beanutils.jar;C:\Program Files (x86)\NetBeans 6.9.1\enterprise\modules\ext\jsf-1_2\commons-collections.jar;C:\Program Files (x86)\NetBeans 6.9.1\enterprise\modules\ext\jsf-1_2\commons-digester.jar;C:\Program Files (x86)\NetBeans 6.9.1\enterprise\modules\ext\jsf-1_2\commons-logging.jar;C:\Program Files (x86)\NetBeans 6.9.1\enterprise\modules\ext\jsf-1_2\jsf-api.jar;C:\Program Files (x86)\NetBeans 6.9.1\enterprise\modules\ext\jsf-1_2\jsf-impl.jar" />
    <property name="sun.awt.exception.handler" value="org.netbeans.core.startup.TopLogging$AWTHandler" />
    <property name="has.custom.manifest" value="true" />
    <property name="libs.restapi.maven-pom" value="" />
    <property name="libs.beans-binding.src" value="" />
    <property name="java.vm.specification.vendor" value="Sun Microsystems Inc." />
    <property name="libs.swing-layout.src" value="C:\Program Files (x86)\NetBeans 6.9.1\platform\docs\swing-layout-1.0.4-src.zip" />
    <property name="libs.Java-EE-GlassFish-v3.embedabbleejb" value="" />
    <property name="org.openide.major.version" value="IDE/1" />
    <property name="java.vm.name" value="Java HotSpot(TM) Client VM" />
    <property name="do.display.browser.debug" value="true" />
    <property name="netbeans.user" value="C:\Users\bat\.netbeans\6.9" />
    <property name="javadoc.additionalparam" value="" />
    <property name="java.io.tmpdir" value="C:\Users\bat\AppData\Local\Temp\" />
    <property name="java.vendor.url" value="http://java.sun.com/" />
    <property name="endorsed.classpath.cmd.line.arg" value="" />
    <property name="j2ee.platform.wsit.classpath" value="" />
    <property name="compile.jsps" value="false" />
    <property name="libs.jsp-compiler.src" value="" />
    <property name="deploy.ant.properties.file" value="C:\Users\bat\.netbeans\6.9\gfv31261020160.properties" />
    <property name="j2ee.platform.wscompile.classpath" value="C:\Program Files (x86)\glassfish-3.0.1\glassfish\modules\webservices-osgi.jar" />
    <property name="sun.boot.library.path" value="C:\Program Files (x86)\Java\jdk1.6.0_23\jre\bin" />
    <property name="have.sources" value="true" />
    <property name="debug.classpath" value="build/web/WEB-INF/classes:C:\Program Files (x86)\NetBeans 6.9.1\enterprise\modules\ext\rest\jsr311-api-1.1.1.jar:C:\Program Files (x86)\NetBeans 6.9.1\enterprise\modules\ext\rest\asm-3.1.jar;C:\Program Files (x86)\NetBeans 6.9.1\enterprise\modules\ext\rest\jackson-core-asl-1.1.1.jar;C:\Program Files (x86)\NetBeans 6.9.1\enterprise\modules\ext\rest\jersey-client-1.1.5.1.jar;C:\Program Files (x86)\NetBeans 6.9.1\enterprise\modules\ext\rest\jersey-core-1.1.5.1.jar;C:\Program Files (x86)\NetBeans 6.9.1\enterprise\modules\ext\rest\jersey-json-1.1.5.1.jar;C:\Program Files (x86)\NetBeans 6.9.1\enterprise\modules\ext\rest\jersey-server-1.1.5.1.jar;C:\Program Files (x86)\NetBeans 6.9.1\enterprise\modules\ext\rest\jersey-spring-1.1.5.1.jar;C:\Program Files (x86)\NetBeans 6.9.1\enterprise\modules\ext\rest\jettison-1.1.jar;C:\Program Files (x86)\NetBeans 6.9.1\enterprise\modules\ext\rest\oauth-client-1.1.5.1.jar;C:\Program Files (x86)\NetBeans 6.9.1\enterprise\modules\ext\rest\oauth-signature-1.1.5.1.jar;C:\Program Files (x86)\NetBeans 6.9.1\ide\modules\ext\jaxb\activation.jar;C:\Program Files (x86)\NetBeans 6.9.1\ide\modules\ext\jaxb\api\jaxb-api.jar;C:\Program Files (x86)\NetBeans 6.9.1\ide\modules\ext\jaxb\api\jsr173_api.jar:C:\Program Files (x86)\Weka-3-6\weka.jar" />
    <property name="war.name" value="WekaRESTService.war" />
    <property name="javadoc.private" value="false" />
    <property name="test.src.dir" value="test" />
    <property name="libs.jsf20.classpath" value="C:\Program Files (x86)\NetBeans 6.9.1\enterprise\modules\ext\jsf-2_0\jsf-api.jar;C:\Program Files (x86)\NetBeans 6.9.1\enterprise\modules\ext\jsf-2_0\jsf-impl.jar" />
    <property name="javadoc.encoding.used" value="UTF-8" />
    <property name="java.runtime.name" value="Java(TM) SE Runtime Environment" />
    <property name="ant.project.name" value="WekaRESTService" />
    <property name="netbeans.hash.code" value="unique=NB_GFMOD_JAVA_WEBEE0d477143b-374b-4908-ab2d-d465c7f839c7_7f9664c6-3861-4d70-9990-e3ab6e9156f5" />
    <property name="rest.support.on" value="true" />
    <property name="sun.cpu.isalist" value="pentium_pro+mmx pentium_pro pentium+mmx pentium i486 i386 i86" />
    <property name="libs.CopyLibs.javadoc" value="" />
    <property name="org.openide.specification.version" value="6.2" />
    <property name="j2ee.server.home" value="C:\Program Files (x86)\glassfish-3.0.1\glassfish" />
    <property name="libs.hibernate-support.classpath" value="C:\Program Files (x86)\NetBeans 6.9.1\java\modules\ext\hibernate\antlr-2.7.6.jar;C:\Program Files (x86)\NetBeans 6.9.1\java\modules\ext\hibernate\asm.jar;C:\Program Files (x86)\NetBeans 6.9.1\java\modules\ext\hibernate\asm-attrs.jar;C:\Program Files (x86)\NetBeans 6.9.1\java\modules\ext\hibernate\cglib-2.1.3.jar;C:\Program Files (x86)\NetBeans 6.9.1\java\modules\ext\hibernate\commons-collections-2.1.1.jar;C:\Program Files (x86)\NetBeans 6.9.1\ide\modules\ext\commons-logging-1.1.jar;C:\Program Files (x86)\NetBeans 6.9.1\java\modules\ext\hibernate\dom4j-1.6.1.jar;C:\Program Files (x86)\NetBeans 6.9.1\java\modules\ext\hibernate\ehcache-1.2.3.jar;C:\Program Files (x86)\NetBeans 6.9.1\java\modules\ext\hibernate\jdbc2_0-stdext.jar;C:\Program Files (x86)\NetBeans 6.9.1\java\modules\ext\hibernate\jta.jar;C:\Program Files (x86)\NetBeans 6.9.1\java\modules\ext\hibernate\hibernate3.jar;C:\Program Files (x86)\NetBeans 6.9.1\java\modules\ext\hibernate\hibernate-tools.jar;C:\Program Files (x86)\NetBeans 6.9.1\java\modules\ext\hibernate\hibernate-annotations.jar;C:\Program Files (x86)\NetBeans 6.9.1\java\modules\ext\hibernate\hibernate-commons-annotations.jar;C:\Program Files (x86)\NetBeans 6.9.1\java\modules\ext\hibernate\hibernate-entitymanager.jar;C:\Program Files (x86)\NetBeans 6.9.1\java\modules\ext\hibernate\javassist.jar" />
    <property name="user.home" value="C:\Users\bat" />
    <property name="annotation.processing.processors.list" value="" />
    <property name="debug-args-line" value="-Xdebug" />
    <property name="libs.javaee-api-6.0.maven-pom" value="" />
    <property name="libs.JWSAntTasks.src" value="" />
    <property name="libs.CopyLibs.maven-pom" value="" />
    <property name="libs.spring-framework300.javadoc" value="" />
    <property name="libs.hibernate-persistence.maven-pom" value="" />
    <property name="libs.absolutelayout.javadoc" value="" />
    <property name="java.specification.name" value="Java Platform API Specification" />
    <property name="libs.swing-app-framework.maven-pom" value="" />
    <property name="no.dist.ear.dir" value="true" />
    <property name="java.specification.vendor" value="Sun Microsystems Inc." />
    <property name="libs.javac-api.classpath" value="C:\Program Files (x86)\NetBeans 6.9.1\java\modules\ext\javac-api-nb-7.0-b07.jar" />
    <property name="java.version" value="1.6.0_23" />
    <property name="javadoc.version" value="false" />
    <property name="libs.MySQLDriver.javadoc" value="" />
    <property name="org.openide.version" value="deprecated" />
    <property name="libs.restlib_gfv3ee6.maven-pom" value="" />
    <property name="source.encoding" value="UTF-8" />
    <property name="ap.cmd.line.internal" value="" />
    <property name="libs.junit.maven-pom" value="" />
    <property name="libs.metro.javadoc" value="C:\Program Files (x86)\NetBeans 6.9.1\enterprise\docs\metro-1.4-doc.zip" />
    <property name="libs.struts.maven-pom" value="" />
    <property name="netbeans.home+have.tests" value="true" />
    <property name="libs.IdentityAntTasks.maven-pom" value="" />
    <property name="libs.jaxb.src" value="" />
    <property name="libs.Java-EE-GlassFish-v3.wsgenerate" value="" />
    <property name="libs.jaxb.classpath" value="C:\Program Files (x86)\NetBeans 6.9.1\ide\modules\ext\jaxb\jaxb-impl.jar;C:\Program Files (x86)\NetBeans 6.9.1\ide\modules\ext\jaxb\jaxb-xjc.jar;C:\Program Files (x86)\NetBeans 6.9.1\ide\modules\ext\jaxb\jaxb1-impl.jar;C:\Program Files (x86)\NetBeans 6.9.1\ide\modules\ext\jaxb\activation.jar;C:\Program Files (x86)\NetBeans 6.9.1\ide\modules\ext\jaxb\api\jaxb-api.jar;C:\Program Files (x86)\NetBeans 6.9.1\ide\modules\ext\jaxb\api\jsr173_api.jar" />
    <property name="dist.javadoc.dir" value="dist/javadoc" />
    <property name="libs.swing-layout.classpath" value="C:\Program Files (x86)\NetBeans 6.9.1\platform\modules\ext\swing-layout-1.0.4.jar" />
    <property name="libs.spring-webmvc3.0.classpath" value="C:\Program Files (x86)\NetBeans 6.9.1\java\modules\ext\spring-3.0\spring-webmvc-3.0.2.RELEASE.jar" />
    <property name="libs.restlib.src" value="" />
    <property name="build.generated.dir" value="build/generated" />
    <property name="javac.source" value="1.5" />
    <property name="libs.hibernate-persistence.src" value="" />
    <property name="line.separator" value="
" />
    <property name="java.specification.version" value="1.6" />
    <property name="java.vm.info" value="mixed mode, sharing" />
    <property name="libs.jaxws21.maven-pom" value="" />
    <property name="libs.axis2.classpath" value="C:\Users\bat\.netbeans\6.9\modules\ext\axis2\activation-1.1.jar;C:\Users\bat\.netbeans\6.9\modules\ext\axis2\annogen-0.1.0.jar;C:\Users\bat\.netbeans\6.9\modules\ext\axis2\axiom-api-1.2.5.jar;C:\Users\bat\.netbeans\6.9\modules\ext\axis2\axiom-dom-1.2.5.jar;C:\Users\bat\.netbeans\6.9\modules\ext\axis2\axiom-impl-1.2.5.jar;C:\Users\bat\.netbeans\6.9\modules\ext\axis2\axis2-adb-1.3.jar;C:\Users\bat\.netbeans\6.9\modules\ext\axis2\axis2-adb-codegen-1.3.jar;C:\Users\bat\.netbeans\6.9\modules\ext\axis2\axis2-ant-plugin-1.3.jar;C:\Users\bat\.netbeans\6.9\modules\ext\axis2\axis2-clustering-1.3.jar;C:\Users\bat\.netbeans\6.9\modules\ext\axis2\axis2-codegen-1.3.jar;C:\Users\bat\.netbeans\6.9\modules\ext\axis2\axis2-fastinfoset-1.3.jar;C:\Users\bat\.netbeans\6.9\modules\ext\axis2\axis2-java2wsdl-1.3.jar;C:\Users\bat\.netbeans\6.9\modules\ext\axis2\axis2-jaxbri-1.3.jar;C:\Users\bat\.netbeans\6.9\modules\ext\axis2\axis2-jaxws-1.3.jar;C:\Users\bat\.netbeans\6.9\modules\ext\axis2\axis2-jaxws-api-1.3.jar;C:\Users\bat\.netbeans\6.9\modules\ext\axis2\axis2-jibx-1.3.jar;C:\Users\bat\.netbeans\6.9\modules\ext\axis2\axis2-json-1.3.jar;C:\Users\bat\.netbeans\6.9\modules\ext\axis2\axis2-jws-api-1.3.jar;C:\Users\bat\.netbeans\6.9\modules\ext\axis2\axis2-kernel-1.3.jar;C:\Users\bat\.netbeans\6.9\modules\ext\axis2\axis2-metadata-1.3.jar;C:\Users\bat\.netbeans\6.9\modules\ext\axis2\axis2-mtompolicy-1.3.jar;C:\Users\bat\.netbeans\6.9\modules\ext\axis2\axis2-saaj-1.3.jar;C:\Users\bat\.netbeans\6.9\modules\ext\axis2\axis2-saaj-api-1.3.jar;C:\Users\bat\.netbeans\6.9\modules\ext\axis2\axis2-spring-1.3.jar;C:\Users\bat\.netbeans\6.9\modules\ext\axis2\axis2-xmlbeans-1.3.jar;C:\Users\bat\.netbeans\6.9\modules\ext\axis2\commons-logging-1.1.jar;C:\Users\bat\.netbeans\6.9\modules\ext\axis2\neethi-2.0.2.jar;C:\Users\bat\.netbeans\6.9\modules\ext\axis2\stax-api-1.0.1.jar;C:\Users\bat\.netbeans\6.9\modules\ext\axis2\wsdl4j-1.6.2.jar;C:\Users\bat\.netbeans\6.9\modules\ext\axis2\wstx-asl-3.2.1.jar;C:\Users\bat\.netbeans\6.9\modules\ext\axis2\xbean-2.2.0.jar;C:\Users\bat\.netbeans\6.9\modules\ext\axis2\XmlSchema-1.3.2.jar" />
    <property name="libs.spring-framework.maven-pom" value="" />
    <property name="sun.boot.class.path" value="C:\Program Files (x86)\Java\jdk1.6.0_23\jre\lib\resources.jar;C:\Program Files (x86)\Java\jdk1.6.0_23\jre\lib\rt.jar;C:\Program Files (x86)\Java\jdk1.6.0_23\jre\lib\sunrsasign.jar;C:\Program Files (x86)\Java\jdk1.6.0_23\jre\lib\jsse.jar;C:\Program Files (x86)\Java\jdk1.6.0_23\jre\lib\jce.jar;C:\Program Files (x86)\Java\jdk1.6.0_23\jre\lib\charsets.jar;C:\Program Files (x86)\Java\jdk1.6.0_23\jre\lib\modules\jdk.boot.jar;C:\Program Files (x86)\Java\jdk1.6.0_23\jre\classes" />
    <property name="javac.target" value="1.5" />
    <property name="ant.file.WekaRESTService-impl" value="E:\ABC\studia\progr_zesp\DataMining\WekaRESTService\WekaRESTService\nbproject\build-impl.xml" />
    <property name="build.test.classes.dir" value="build/test/classes" />
    <property name="src.dir" value="src/java" />
    <property name="libs.IdentityAntTasks.javadoc" value="" />
    <property name="annotation.processing.enabled" value="true" />
    <property name="sun.awt.keepWorkingSetOnMinimize" value="true" />
    <property name="libs.jsf20.src" value="" />
    <property name="libs.jsf12.src" value="" />
    <property name="j2ee.platform" value="1.6-web" />
    <property name="nbplatform.default.netbeans.dest.dir" value="C:\Program Files (x86)\NetBeans 6.9.1" />
    <property name="libs.struts.javadoc" value="C:\Program Files (x86)\NetBeans 6.9.1\enterprise\docs\struts-1.3.8-javadoc.zip" />
    <property name="libs.Comet-GlassFish-v3.classpath" value="C:\Program Files (x86)\glassfish-3.0.1\glassfish\modules\grizzly-comet.jar" />
    <property name="web.docbase.dir" value="web" />
    <property name="libs.restlib_gfv3ee6.javadoc" value="C:\Program Files (x86)\NetBeans 6.9.1\enterprise\docs\jsr311-api-1.1.1-javadoc.zip" />
    <property name="libs.JAX-WS-ENDORSED.javadoc" value="" />
    <property name="dist.dir" value="dist" />
    <property name="java.awt.printerjob" value="sun.awt.windows.WPrinterJob" />
    <property name="default.javac.source" value="1.6" />
    <property name="debug-transport-by-os" value="dt_shmem" />
    <property name="sun.jnu.encoding" value="Cp1250" />
    <property name="libs.MySQLDriver.src" value="" />
    <property name="java.runtime.version" value="1.6.0_23-b05" />
    <property name="build.test.results.dir" value="build/test/results" />
    <property name="libs.ejb3-persistence.javadoc" value="" />
    <property name="do.tmp.war.package.with.custom.manifest" value="true" />
    <property name="default.javac.target" value="1.6" />
    <property name="libs.Java-EE-GlassFish-v3.src" value="" />
    <property name="libs.junit_4.classpath" value="C:\Program Files (x86)\NetBeans 6.9.1\platform\modules\ext\junit-4.5.jar" />
    <property name="user.timezone" value="" />
    <property name="libs.javaee-endorsed-api-6.0.maven-pom" value="" />
    <property name="netbeans.dirs" value="C:\Program Files (x86)\NetBeans 6.9.1\nb;C:\Program Files (x86)\NetBeans 6.9.1\ergonomics;C:\Program Files (x86)\NetBeans 6.9.1\ide;C:\Program Files (x86)\NetBeans 6.9.1\java;C:\Program Files (x86)\NetBeans 6.9.1\xml;C:\Program Files (x86)\NetBeans 6.9.1\apisupport;C:\Program Files (x86)\NetBeans 6.9.1\webcommon;C:\Program Files (x86)\NetBeans 6.9.1\websvccommon;C:\Program Files (x86)\NetBeans 6.9.1\enterprise;C:\Program Files (x86)\NetBeans 6.9.1\mobility;C:\Program Files (x86)\NetBeans 6.9.1\profiler;C:\Program Files (x86)\NetBeans 6.9.1\ruby;C:\Program Files (x86)\NetBeans 6.9.1\python;C:\Program Files (x86)\NetBeans 6.9.1\php;C:\Program Files (x86)\NetBeans 6.9.1\visualweb;C:\Program Files (x86)\NetBeans 6.9.1\soa;C:\Program Files (x86)\NetBeans 6.9.1\identity;C:\Program Files (x86)\NetBeans 6.9.1\uml;C:\Program Files (x86)\NetBeans 6.9.1\harness;C:\Program Files (x86)\NetBeans 6.9.1\cnd;C:\Program Files (x86)\NetBeans 6.9.1\dlight;C:\Program Files (x86)\NetBeans 6.9.1\groovy;C:\Program Files (x86)\NetBeans 6.9.1\extra;C:\Program Files (x86)\NetBeans 6.9.1\javafx;C:\Program Files (x86)\NetBeans 6.9.1\javacard" />
    <property name="libs.jsf20.javadoc" value="C:\Program Files (x86)\NetBeans 6.9.1\enterprise\docs\javaee6-doc-api.zip" />
    <property name="libs.restlib_gfv3ee6.src" value="" />
    <property name="java.ext.dirs" value="C:\Program Files (x86)\Java\jdk1.6.0_23\jre\lib\ext;C:\Windows\Sun\Java\lib\ext" />
    <property name="libs.metro.src" value="" />
    <property name="endorsed.classpath" value="" />
    <property name="libs.absolutelayout.classpath" value="C:\Program Files (x86)\NetBeans 6.9.1\java\modules\ext\AbsoluteLayout.jar" />
    <property name="excludes" value="" />
    <property name="libs.metro.classpath" value="C:\Program Files (x86)\NetBeans 6.9.1\ide\modules\ext\jaxb\activation.jar;C:\Program Files (x86)\NetBeans 6.9.1\enterprise\modules\ext\metro\webservices-api.jar;C:\Program Files (x86)\NetBeans 6.9.1\enterprise\modules\ext\metro\webservices-extra-api.jar;C:\Program Files (x86)\NetBeans 6.9.1\enterprise\modules\ext\metro\webservices-extra.jar;C:\Program Files (x86)\NetBeans 6.9.1\enterprise\modules\ext\metro\webservices-rt.jar;C:\Program Files (x86)\NetBeans 6.9.1\enterprise\modules\ext\metro\webservices-tools.jar" />
    <property name="libs.restlib.maven-pom" value="" />
    <property name="apple.laf.useScreenMenuBar" value="true" />
    <property name="java.class.path" value="C:\Program Files (x86)\NetBeans 6.9.1\enterprise\modules\ext\rest\jsr311-api-1.1.1.jar;C:\Program Files (x86)\NetBeans 6.9.1\enterprise\modules\ext\rest\asm-3.1.jar;C:\Program Files (x86)\NetBeans 6.9.1\enterprise\modules\ext\rest\jackson-core-asl-1.1.1.jar;C:\Program Files (x86)\NetBeans 6.9.1\enterprise\modules\ext\rest\jersey-client-1.1.5.1.jar;C:\Program Files (x86)\NetBeans 6.9.1\enterprise\modules\ext\rest\jersey-core-1.1.5.1.jar;C:\Program Files (x86)\NetBeans 6.9.1\enterprise\modules\ext\rest\jersey-json-1.1.5.1.jar;C:\Program Files (x86)\NetBeans 6.9.1\enterprise\modules\ext\rest\jersey-server-1.1.5.1.jar;C:\Program Files (x86)\NetBeans 6.9.1\enterprise\modules\ext\rest\jersey-spring-1.1.5.1.jar;C:\Program Files (x86)\NetBeans 6.9.1\enterprise\modules\ext\rest\jettison-1.1.jar;C:\Program Files (x86)\NetBeans 6.9.1\enterprise\modules\ext\rest\oauth-client-1.1.5.1.jar;C:\Program Files (x86)\NetBeans 6.9.1\enterprise\modules\ext\rest\oauth-signature-1.1.5.1.jar;C:\Program Files (x86)\NetBeans 6.9.1\ide\modules\ext\jaxb\activation.jar;C:\Program Files (x86)\NetBeans 6.9.1\ide\modules\ext\jaxb\api\jaxb-api.jar;C:\Program Files (x86)\NetBeans 6.9.1\ide\modules\ext\jaxb\api\jsr173_api.jar;C:\Program Files (x86)\Weka-3-6\weka.jar;E:\ABC\studia\progr_zesp\DataMining\WekaRESTService\WekaRESTService\build\web\WEB-INF\classes;C:\Program Files (x86)\NetBeans 6.9.1\platform\modules\ext\junit-4.5.jar;E:\ABC\studia\progr_zesp\DataMining\WekaRESTService\WekaRESTService\build\test\classes;C:\Program Files (x86)\glassfish-3.0.1\glassfish\modules\endorsed\webservices-api-osgi.jar;C:\Program Files (x86)\glassfish-3.0.1\glassfish\modules\javax.servlet.jar;C:\Program Files (x86)\glassfish-3.0.1\glassfish\modules\javax.security.jacc.jar;C:\Program Files (x86)\glassfish-3.0.1\glassfish\modules\javax.ejb.jar;C:\Program Files (x86)\glassfish-3.0.1\glassfish\modules\javax.persistence.jar;C:\Program Files (x86)\glassfish-3.0.1\glassfish\modules\javax.transaction.jar;C:\Program Files (x86)\glassfish-3.0.1\glassfish\modules\endorsed\javax.annotation.jar;C:\Program Files (x86)\glassfish-3.0.1\glassfish\modules\jsf-impl.jar;C:\Program Files (x86)\glassfish-3.0.1\glassfish\modules\javax.jms.jar;C:\Program Files (x86)\glassfish-3.0.1\glassfish\modules\jsf-api.jar;C:\Program Files (x86)\glassfish-3.0.1\glassfish\modules\javax.resource.jar;C:\Program Files (x86)\glassfish-3.0.1\glassfish\modules\jsr311-api.jar;C:\Program Files (x86)\glassfish-3.0.1\glassfish\modules\javax.servlet.jsp.jar;C:\Program Files (x86)\glassfish-3.0.1\glassfish\modules\javax.enterprise.deploy.jar;C:\Program Files (x86)\glassfish-3.0.1\glassfish\modules\mail.jar;C:\Program Files (x86)\glassfish-3.0.1\glassfish\modules\javax.management.j2ee.jar;C:\Program Files (x86)\glassfish-3.0.1\glassfish\modules\bean-validator.jar;C:\Program Files (x86)\glassfish-3.0.1\glassfish\modules\endorsed\jaxb-api-osgi.jar;C:\Program Files (x86)\glassfish-3.0.1\glassfish\modules\javax.security.auth.message.jar;C:\Program Files (x86)\glassfish-3.0.1\glassfish\modules\javax.servlet.jsp.jstl.jar;C:\Program Files (x86)\glassfish-3.0.1\glassfish\modules\jstl-impl.jar;C:\Program Files (x86)\glassfish-3.0.1\glassfish\modules\weld-osgi-bundle.jar;C:\Program Files (x86)\glassfish-3.0.1\glassfish\lib\embedded\glassfish-embedded-static-shell.jar;E:\ABC\studia\progr_zesp\DataMining\WekaRESTService\WekaRESTService;C:\Program Files (x86)\Java\jre6\lib\ext\QTJava.zip;C:\Program Files (x86)\NetBeans 6.9.1\java\ant\lib\ant-launcher.jar;C:\Program Files (x86)\NetBeans 6.9.1\java\ant\lib\ant.jar;C:\Program Files (x86)\NetBeans 6.9.1\java\ant\patches\72080.jar" />
    <property name="libs.absolutelayout.src" value="" />
    <property name="j2ee.server.type" value="gfv3ee6" />
    <property name="os.version" value="6.1" />
    <property name="libs.EclipseLink-GlassFish-v3.javadoc" value="C:\Program Files (x86)\NetBeans 6.9.1\enterprise\docs\javaee6-doc-api.zip" />
    <property name="libs.toplink.javadoc" value="C:\Program Files (x86)\NetBeans 6.9.1\enterprise\docs\javaee6-doc-api.zip" />
    <property name="sun.desktop" value="windows" />
    <property name="libs.Comet-GlassFish-v3.src" value="" />
    <property name="libs.restlib.javadoc" value="C:\Program Files (x86)\NetBeans 6.9.1\enterprise\docs\jersey-client-1.1.5.1-javadoc.zip;C:\Program Files (x86)\NetBeans 6.9.1\enterprise\docs\jersey-core-1.1.5.1-javadoc.zip;C:\Program Files (x86)\NetBeans 6.9.1\enterprise\docs\jersey-json-1.1.5.1-javadoc.zip;C:\Program Files (x86)\NetBeans 6.9.1\enterprise\docs\jersey-spring-1.1.5.1-javadoc.zip;C:\Program Files (x86)\NetBeans 6.9.1\enterprise\docs\oauth-client-1.1.5.1-javadoc.zip;C:\Program Files (x86)\NetBeans 6.9.1\enterprise\docs\oauth-signature-1.1.5.1-javadoc.zip" />
    <property name="war.content.additional" value="" />
    <property name="j2ee.platform.embeddableejb.classpath" value="C:\Program Files (x86)\glassfish-3.0.1\glassfish\lib\embedded\glassfish-embedded-static-shell.jar" />
    <property name="libs.eclipselink.classpath" value="C:\Program Files (x86)\NetBeans 6.9.1\java\modules\ext\eclipselink\eclipselink-2.0.2.jar;C:\Program Files (x86)\NetBeans 6.9.1\java\modules\ext\eclipselink\eclipselink-javax.persistence-2.0.jar" />
    <property name="java.awt.graphicsenv" value="sun.awt.Win32GraphicsEnvironment" />
    <property name="libs.beans-binding.javadoc" value="C:\Program Files (x86)\NetBeans 6.9.1\java\docs\beansbinding-1.2.1-doc.zip" />
    <property name="libs.Java-EE-GlassFish-v3.classpath" value="C:\Program Files (x86)\glassfish-3.0.1\glassfish\modules\endorsed\webservices-api-osgi.jar;C:\Program Files (x86)\glassfish-3.0.1\glassfish\modules\javax.servlet.jar;C:\Program Files (x86)\glassfish-3.0.1\glassfish\modules\javax.security.jacc.jar;C:\Program Files (x86)\glassfish-3.0.1\glassfish\modules\javax.ejb.jar;C:\Program Files (x86)\glassfish-3.0.1\glassfish\modules\javax.persistence.jar;C:\Program Files (x86)\glassfish-3.0.1\glassfish\modules\javax.transaction.jar;C:\Program Files (x86)\glassfish-3.0.1\glassfish\modules\endorsed\javax.annotation.jar;C:\Program Files (x86)\glassfish-3.0.1\glassfish\modules\jsf-impl.jar;C:\Program Files (x86)\glassfish-3.0.1\glassfish\modules\javax.jms.jar;C:\Program Files (x86)\glassfish-3.0.1\glassfish\modules\jsf-api.jar;C:\Program Files (x86)\glassfish-3.0.1\glassfish\modules\javax.resource.jar;C:\Program Files (x86)\glassfish-3.0.1\glassfish\modules\jsr311-api.jar;C:\Program Files (x86)\glassfish-3.0.1\glassfish\modules\javax.servlet.jsp.jar;C:\Program Files (x86)\glassfish-3.0.1\glassfish\modules\javax.enterprise.deploy.jar;C:\Program Files (x86)\glassfish-3.0.1\glassfish\modules\mail.jar;C:\Program Files (x86)\glassfish-3.0.1\glassfish\modules\javax.management.j2ee.jar;C:\Program Files (x86)\glassfish-3.0.1\glassfish\modules\bean-validator.jar;C:\Program Files (x86)\glassfish-3.0.1\glassfish\modules\endorsed\jaxb-api-osgi.jar;C:\Program Files (x86)\glassfish-3.0.1\glassfish\modules\javax.security.auth.message.jar;C:\Program Files (x86)\glassfish-3.0.1\glassfish\modules\javax.servlet.jsp.jstl.jar;C:\Program Files (x86)\glassfish-3.0.1\glassfish\modules\jstl-impl.jar;C:\Program Files (x86)\glassfish-3.0.1\glassfish\modules\weld-osgi-bundle.jar;C:\Program Files (x86)\glassfish-3.0.1\glassfish\modules\web-core.jar" />
    <property name="java.vm.vendor" value="Sun Microsystems Inc." />
    <property name="libs.CopyLibs.classpath" value="C:\Program Files (x86)\NetBeans 6.9.1\java\ant\extra\org-netbeans-modules-java-j2seproject-copylibstask.jar" />
    <property name="ant.file.type.HelloWorld-rest-build" value="file" />
    <property name="libs.spring-framework300.classpath" value="C:\Program Files (x86)\NetBeans 6.9.1\ide\modules\ext\commons-logging-1.1.jar;C:\Program Files (x86)\NetBeans 6.9.1\java\modules\ext\cglib-2.2.jar;C:\Program Files (x86)\NetBeans 6.9.1\java\modules\ext\spring-3.0\spring-aop-3.0.2.RELEASE.jar;C:\Program Files (x86)\NetBeans 6.9.1\java\modules\ext\spring-3.0\spring-asm-3.0.2.RELEASE.jar;C:\Program Files (x86)\NetBeans 6.9.1\java\modules\ext\spring-3.0\spring-aspects-3.0.2.RELEASE.jar;C:\Program Files (x86)\NetBeans 6.9.1\java\modules\ext\spring-3.0\spring-beans-3.0.2.RELEASE.jar;C:\Program Files (x86)\NetBeans 6.9.1\java\modules\ext\spring-3.0\spring-context-3.0.2.RELEASE.jar;C:\Program Files (x86)\NetBeans 6.9.1\java\modules\ext\spring-3.0\spring-context-support-3.0.2.RELEASE.jar;C:\Program Files (x86)\NetBeans 6.9.1\java\modules\ext\spring-3.0\spring-core-3.0.2.RELEASE.jar;C:\Program Files (x86)\NetBeans 6.9.1\java\modules\ext\spring-3.0\spring-expression-3.0.2.RELEASE.jar;C:\Program Files (x86)\NetBeans 6.9.1\java\modules\ext\spring-3.0\spring-instrument-3.0.2.RELEASE.jar;C:\Program Files (x86)\NetBeans 6.9.1\java\modules\ext\spring-3.0\spring-instrument-tomcat-3.0.2.RELEASE.jar;C:\Program Files (x86)\NetBeans 6.9.1\java\modules\ext\spring-3.0\spring-jdbc-3.0.2.RELEASE.jar;C:\Program Files (x86)\NetBeans 6.9.1\java\modules\ext\spring-3.0\spring-jms-3.0.2.RELEASE.jar;C:\Program Files (x86)\NetBeans 6.9.1\java\modules\ext\spring-3.0\spring-orm-3.0.2.RELEASE.jar;C:\Program Files (x86)\NetBeans 6.9.1\java\modules\ext\spring-3.0\spring-oxm-3.0.2.RELEASE.jar;C:\Program Files (x86)\NetBeans 6.9.1\java\modules\ext\spring-3.0\spring-test-3.0.2.RELEASE.jar;C:\Program Files (x86)\NetBeans 6.9.1\java\modules\ext\spring-3.0\spring-tx-3.0.2.RELEASE.jar;C:\Program Files (x86)\NetBeans 6.9.1\java\modules\ext\spring-3.0\spring-web-3.0.2.RELEASE.jar;C:\Program Files (x86)\NetBeans 6.9.1\java\modules\ext\spring-3.0\spring-webmvc-portlet-3.0.2.RELEASE.jar;C:\Program Files (x86)\NetBeans 6.9.1\java\modules\ext\spring-3.0\spring-webmvc-3.0.2.RELEASE.jar;C:\Program Files (x86)\NetBeans 6.9.1\java\modules\ext\spring-3.0\spring-struts-3.0.2.RELEASE.jar" />
    <property name="libs.jsp-compiler.maven-pom" value="" />
    <property name="libs.spring-webmvc.maven-pom" value="" />
    <property name="libs.Java-EE-GlassFish-v3.wsinterop" value="" />
    <property name="libs.ejb3-persistence.classpath" value="C:\Program Files (x86)\NetBeans 6.9.1\java\modules\ext\hibernate\ejb3-persistence.jar" />
    <property name="libs.spring-framework.javadoc" value="" />
    <property name="libs.PostgreSQLDriver.classpath" value="C:\Program Files (x86)\NetBeans 6.9.1\ide\modules\ext\postgresql-8.3-603.jdbc3.jar" />
    <property name="libs.jsf12.maven-pom" value="" />
    <property name="libs.junit.src" value="" />
    <property name="annotation.processing.source.output" value="build/generated-sources/ap-source-output" />
    <property name="build.dir" value="build" />
    <property name="libs.CopyLibs.src" value="" />
    <property name="libs.jsp-compilation.classpath" value="C:\Program Files (x86)\NetBeans 6.9.1\java\ant\lib\ant.jar;C:\Program Files (x86)\NetBeans 6.9.1\enterprise\modules\ext\servlet2.5-jsp2.1-api.jar;C:\Program Files (x86)\NetBeans 6.9.1\enterprise\modules\ext\glassfish-jspparser-2.0.jar;C:\Program Files (x86)\NetBeans 6.9.1\enterprise\modules\ext\glassfish-logging-2.0.jar;C:\Program Files (x86)\NetBeans 6.9.1\ide\modules\ext\commons-logging-1.1.jar;C:\Program Files (x86)\NetBeans 6.9.1\java\ant\lib\ant-launcher.jar" />
    <property name="j2ee.platform.is.jsr109" value="true" />
    <property name="ant.version" value="Apache Ant version 1.8.1 compiled on April 30 2010" />
    <property name="ant.file.WekaRESTService" value="E:\ABC\studia\progr_zesp\DataMining\WekaRESTService\WekaRESTService\build.xml" />
    <property name="build.classes.excludes" value="**/*.java,**/*.form" />
    <property name="file.encoding" value="Cp1250" />
    <property name="javadoc.nonavbar" value="false" />
    <property name="platform.active" value="default_platform" />
    <property name="awt.toolkit" value="sun.awt.windows.WToolkit" />
    <property name="war.ear.name" value="WekaRESTService.war" />
  </properties>
  <testcase classname="pl.edu.agh.ftj.datamining.weka.webservice.test.WekaServiceTest" name="testGetAlgorithms" time="0.525" />
  <testcase classname="pl.edu.agh.ftj.datamining.weka.webservice.test.WekaServiceTest" name="testRunAlgorithm" time="0.411" />
  <system-out><![CDATA[]]></system-out>
  <system-err><![CDATA[2011-05-15 16:19:46 com.sun.jersey.api.client.Client <init>
INFO: Adding the following classes declared in META-INF/services/jersey-client-components to the client configuration:
  class com.sun.jersey.multipart.impl.MultiPartConfigProvider
  class com.sun.jersey.multipart.impl.MultiPartReader
  class com.sun.jersey.multipart.impl.MultiPartWriter
2011-05-15 16:19:46 com.sun.jersey.api.client.Client <init>
INFO: Adding the following classes declared in META-INF/services/jersey-client-components to the client configuration:
  class com.sun.jersey.multipart.impl.MultiPartConfigProvider
  class com.sun.jersey.multipart.impl.MultiPartReader
  class com.sun.jersey.multipart.impl.MultiPartWriter
2011-05-15 16:19:46 pl.edu.agh.ftj.datamining.weka.webservice.test.WekaRESTServiceClient runAlgorithm
SEVERE: blad w strumieniu bajtow
java.io.EOFException
	at java.io.ObjectInputStream$PeekInputStream.readFully(ObjectInputStream.java:2280)
	at java.io.ObjectInputStream$BlockDataInputStream.readShort(ObjectInputStream.java:2749)
	at java.io.ObjectInputStream.readStreamHeader(ObjectInputStream.java:779)
	at java.io.ObjectInputStream.<init>(ObjectInputStream.java:279)
	at pl.edu.agh.ftj.datamining.weka.webservice.test.WekaRESTServiceClient.runAlgorithm(WekaRESTServiceClient.java:88)
	at pl.edu.agh.ftj.datamining.weka.webservice.test.WekaServiceTest.testRunAlgorithm(WekaServiceTest.java:63)
	at sun.reflect.NativeMethodAccessorImpl.invoke0(Native Method)
	at sun.reflect.NativeMethodAccessorImpl.invoke(NativeMethodAccessorImpl.java:39)
	at sun.reflect.DelegatingMethodAccessorImpl.invoke(DelegatingMethodAccessorImpl.java:25)
	at java.lang.reflect.Method.invoke(Method.java:597)
	at org.junit.runners.model.FrameworkMethod$1.runReflectiveCall(FrameworkMethod.java:44)
	at org.junit.internal.runners.model.ReflectiveCallable.run(ReflectiveCallable.java:15)
	at org.junit.runners.model.FrameworkMethod.invokeExplosively(FrameworkMethod.java:41)
	at org.junit.internal.runners.statements.InvokeMethod.evaluate(InvokeMethod.java:20)
	at org.junit.internal.runners.statements.RunBefores.evaluate(RunBefores.java:28)
	at org.junit.internal.runners.statements.RunAfters.evaluate(RunAfters.java:31)
	at org.junit.runners.BlockJUnit4ClassRunner.runChild(BlockJUnit4ClassRunner.java:73)
	at org.junit.runners.BlockJUnit4ClassRunner.runChild(BlockJUnit4ClassRunner.java:46)
	at org.junit.runners.ParentRunner.runChildren(ParentRunner.java:180)
	at org.junit.runners.ParentRunner.access$000(ParentRunner.java:41)
	at org.junit.runners.ParentRunner$1.evaluate(ParentRunner.java:173)
	at org.junit.internal.runners.statements.RunBefores.evaluate(RunBefores.java:28)
	at org.junit.internal.runners.statements.RunAfters.evaluate(RunAfters.java:31)
	at org.junit.runners.ParentRunner.run(ParentRunner.java:220)
	at junit.framework.JUnit4TestAdapter.run(JUnit4TestAdapter.java:39)
	at org.apache.tools.ant.taskdefs.optional.junit.JUnitTestRunner.run(JUnitTestRunner.java:518)
	at org.apache.tools.ant.taskdefs.optional.junit.JUnitTestRunner.launch(JUnitTestRunner.java:1052)
	at org.apache.tools.ant.taskdefs.optional.junit.JUnitTestRunner.main(JUnitTestRunner.java:906)
]]></system-err>
</testsuite>
